<?xml version="1.0" encoding="UTF-8"?>
<!-- Generated by org.testng.reporters.JUnitXMLReporter -->
<testsuite ignored="3" hostname="AGUMMADILLI06" failures="0" tests="1" name="Default test" time="0.054" errors="0" timestamp="2024-08-20T15:55:43 IST">
  <testcase classname="CoreJava.clsArrays" name="LearnInTArray" time="0.007"/>
  <testcase classname="CoreJava.clsArrays" name="Learn2DArray" time="0.0">
    <ignored/>
  </testcase> <!-- Learn2DArray -->
  <testcase classname="CoreJava.clsArrays" name="EvennumbersArray" time="0.0">
    <ignored/>
  </testcase> <!-- EvennumbersArray -->
  <testcase classname="CoreJava.clsArrays" name="LearnStringArray" time="0.0">
    <ignored/>
  </testcase> <!-- LearnStringArray -->
</testsuite> <!-- Default test -->
