<?xml version="1.0" encoding="UTF-8"?>
<!-- Generated by org.testng.reporters.JUnitXMLReporter -->
<testsuite ignored="2" hostname="AGUMMADILLI06" failures="0" tests="1" name="Default test" time="11.062" errors="0" timestamp="2024-08-01T07:37:14 IST">
  <testcase classname="SeleniumLearning.LoginTests" name="GoogleSearch" time="10.838"/>
  <testcase classname="SeleniumLearning.LoginTests" name="OpenGamil" time="0.0">
    <ignored/>
  </testcase> <!-- OpenGamil -->
  <testcase classname="SeleniumLearning.LoginTests" name="SearchCountry" time="0.0">
    <ignored/>
  </testcase> <!-- SearchCountry -->
</testsuite> <!-- Default test -->
