<?xml version="1.0" encoding="UTF-8"?>
<testng-results ignored="0" total="1" passed="1" failed="0" skipped="0">
  <reporter-output>
  </reporter-output>
  <suite started-at="2024-08-20T13:50:48 IST" name="Default suite" finished-at="2024-08-20T13:50:56 IST" duration-ms="7344">
    <groups>
    </groups>
    <test started-at="2024-08-20T13:50:48 IST" name="Default test" finished-at="2024-08-20T13:50:56 IST" duration-ms="7344">
      <class name="SeleniumLearning.clsGetAttribute">
        <test-method signature="SearchCountry()[pri:0, instance:SeleniumLearning.clsGetAttribute@61710c6]" started-at="2024-08-20T13:50:48 IST" name="SearchCountry" finished-at="2024-08-20T13:50:56 IST" duration-ms="7287" status="PASS">
          <reporter-output>
          </reporter-output>
        </test-method> <!-- SearchCountry -->
      </class> <!-- SeleniumLearning.clsGetAttribute -->
    </test> <!-- Default test -->
  </suite> <!-- Default suite -->
</testng-results>
