<?xml version="1.0" encoding="UTF-8"?>
<testng-results ignored="0" total="1" passed="1" failed="0" skipped="0">
  <reporter-output>
  </reporter-output>
  <suite started-at="2024-08-20T15:55:43 IST" name="Default suite" finished-at="2024-08-20T15:55:43 IST" duration-ms="54">
    <groups>
    </groups>
    <test started-at="2024-08-20T15:55:43 IST" name="Default test" finished-at="2024-08-20T15:55:43 IST" duration-ms="54">
      <class name="CoreJava.clsArrays">
        <test-method signature="LearnInTArray()[pri:0, instance:CoreJava.clsArrays@776a6d9b]" started-at="2024-08-20T15:55:43 IST" name="LearnInTArray" finished-at="2024-08-20T15:55:43 IST" duration-ms="7" status="PASS">
          <reporter-output>
          </reporter-output>
        </test-method> <!-- LearnInTArray -->
      </class> <!-- CoreJava.clsArrays -->
    </test> <!-- Default test -->
  </suite> <!-- Default suite -->
</testng-results>
